<?xml version="1.0" encoding="UTF-8"?>
<testng-results skipped="0" failed="0" total="1" passed="1">
  <reporter-output>
    <line>
      <![CDATA[Saved <a href=../screenshots/16_lut_2016__02_45_46PM.png>Screenshot</a>]]>
    </line>
  </reporter-output>
  <suite name="Default suite" duration-ms="18115" started-at="2016-02-16T13:45:28Z" finished-at="2016-02-16T13:45:47Z">
    <groups>
    </groups>
    <test name="Default test" duration-ms="18115" started-at="2016-02-16T13:45:28Z" finished-at="2016-02-16T13:45:47Z">
      <class name="asseco.CBP.tests.FirstTests">
        <test-method status="PASS" signature="setUp()[pri:0, instance:asseco.CBP.tests.FirstTests@75222b]" name="setUp" is-config="true" duration-ms="4035" started-at="2016-02-16T14:45:28Z" finished-at="2016-02-16T14:45:32Z">
          <reporter-output>
          </reporter-output>
        </test-method> <!-- setUp -->
        <test-method status="PASS" signature="openHomePage()[pri:0, instance:asseco.CBP.tests.FirstTests@75222b]" name="openHomePage" is-config="true" duration-ms="1766" started-at="2016-02-16T14:45:32Z" finished-at="2016-02-16T14:45:34Z">
          <reporter-output>
          </reporter-output>
        </test-method> <!-- openHomePage -->
        <test-method status="PASS" signature="testZalogujiPrzelewZwykly()[pri:0, instance:asseco.CBP.tests.FirstTests@75222b]" name="testZalogujiPrzelewZwykly" duration-ms="11467" started-at="2016-02-16T14:45:34Z" finished-at="2016-02-16T14:45:46Z">
          <reporter-output>
          </reporter-output>
        </test-method> <!-- testZalogujiPrzelewZwykly -->
        <test-method status="PASS" signature="onTestFailure(org.testng.ITestResult)[pri:0, instance:asseco.CBP.tests.FirstTests@75222b]" name="onTestFailure" is-config="true" duration-ms="208" started-at="2016-02-16T14:45:46Z" finished-at="2016-02-16T14:45:46Z">
          <params>
            <param index="0">
              <value>
                <![CDATA[[TestResult name=testZalogujiPrzelewZwykly status=SUCCESS method=FirstTests.testZalogujiPrzelewZwykly()[pri:0, instance:asseco.CBP.tests.FirstTests@75222b] output={null}]]]>
              </value>
            </param>
          </params>
          <reporter-output>
            <line>
              <![CDATA[Saved <a href=../screenshots/16_lut_2016__02_45_46PM.png>Screenshot</a>]]>
            </line>
          </reporter-output>
        </test-method> <!-- onTestFailure -->
        <test-method status="PASS" signature="tearDown()[pri:0, instance:asseco.CBP.tests.FirstTests@75222b]" name="tearDown" is-config="true" duration-ms="620" started-at="2016-02-16T14:45:46Z" finished-at="2016-02-16T14:45:47Z">
          <reporter-output>
          </reporter-output>
        </test-method> <!-- tearDown -->
      </class> <!-- asseco.CBP.tests.FirstTests -->
    </test> <!-- Default test -->
  </suite> <!-- Default suite -->
</testng-results>
